0 info it worked if it ends with ok
1 verbose cli [ 'C:\\Program Files (x86)\\nodejs\\\\node.exe',
1 verbose cli   'C:\\Program Files (x86)\\nodejs\\node_modules\\npm\\bin\\npm-cli.js',
1 verbose cli   'install',
1 verbose cli   '--save-dev',
1 verbose cli   'css-loade' ]
2 info using npm@2.7.4
3 info using node@v0.12.2
4 verbose node symlink C:\Program Files (x86)\nodejs\\node.exe
5 warn package.json Projet-JS-MSM@1.0.0 No repository field.
6 warn package.json babel-helper-vue-jsx-merge-props@2.0.3 No README data
7 warn package.json postcss-url@7.3.2 scripts['tests'] should probably be scripts['test'].
8 silly cache add args [ 'css-loade', null ]
9 verbose cache add spec css-loade
10 silly cache add parsed spec { raw: 'css-loade',
10 silly cache add   scope: null,
10 silly cache add   name: 'css-loade',
10 silly cache add   rawSpec: '',
10 silly cache add   spec: '*',
10 silly cache add   type: 'range' }
11 verbose addNamed css-loade@*
12 silly addNamed semver.valid null
13 silly addNamed semver.validRange *
14 silly addNameRange { name: 'css-loade', range: '*', hasData: false }
15 silly mapToRegistry name css-loade
16 silly mapToRegistry using default registry
17 silly mapToRegistry registry https://registry.npmjs.org/
18 silly mapToRegistry uri https://registry.npmjs.org/css-loade
19 verbose addNameRange registry:https://registry.npmjs.org/css-loade not in flight; fetching
20 verbose request uri https://registry.npmjs.org/css-loade
21 verbose request no auth needed
22 info attempt registry request try #1 at 11:34:30
23 verbose request id 410266d2508924ab
24 http request GET https://registry.npmjs.org/css-loade
25 http 404 https://registry.npmjs.org/css-loade
26 verbose headers { date: 'Thu, 15 Nov 2018 10:34:31 GMT',
26 verbose headers   'content-type': 'application/json',
26 verbose headers   'content-length': '21',
26 verbose headers   connection: 'keep-alive',
26 verbose headers   'set-cookie': [ '__cfduid=daf2fae86747c4853050ebbec2325d6b51542278070; expires=Fri, 15-Nov-19 10:34:30 GMT; path=/; domain=.registry.npmjs.org; HttpOnly' ],
26 verbose headers   'cf-cache-status': 'MISS',
26 verbose headers   'cache-control': 'max-age=300',
26 verbose headers   'cf-ray': '47a110d74b80a84b-CDG',
26 verbose headers   'expect-ct': 'max-age=604800, report-uri="https://report-uri.cloudflare.com/cdn-cgi/beacon/expect-ct"',
26 verbose headers   vary: 'accept-encoding, accept',
26 verbose headers   server: 'cloudflare' }
27 silly get cb [ 404,
27 silly get   { date: 'Thu, 15 Nov 2018 10:34:31 GMT',
27 silly get     'content-type': 'application/json',
27 silly get     'content-length': '21',
27 silly get     connection: 'keep-alive',
27 silly get     'set-cookie': [ '__cfduid=daf2fae86747c4853050ebbec2325d6b51542278070; expires=Fri, 15-Nov-19 10:34:30 GMT; path=/; domain=.registry.npmjs.org; HttpOnly' ],
27 silly get     'cf-cache-status': 'MISS',
27 silly get     'cache-control': 'max-age=300',
27 silly get     'cf-ray': '47a110d74b80a84b-CDG',
27 silly get     'expect-ct': 'max-age=604800, report-uri="https://report-uri.cloudflare.com/cdn-cgi/beacon/expect-ct"',
27 silly get     vary: 'accept-encoding, accept',
27 silly get     server: 'cloudflare' } ]
28 verbose stack Error: Not found : css-loade
28 verbose stack     at CachingRegistryClient.<anonymous> (C:\Program Files (x86)\nodejs\node_modules\npm\node_modules\npm-registry-client\lib\request.js:247:14)
28 verbose stack     at Request._callback (C:\Program Files (x86)\nodejs\node_modules\npm\node_modules\npm-registry-client\lib\request.js:170:14)
28 verbose stack     at Request.self.callback (C:\Program Files (x86)\nodejs\node_modules\npm\node_modules\request\request.js:344:22)
28 verbose stack     at Request.emit (events.js:110:17)
28 verbose stack     at Request.<anonymous> (C:\Program Files (x86)\nodejs\node_modules\npm\node_modules\request\request.js:1239:14)
28 verbose stack     at Request.emit (events.js:129:20)
28 verbose stack     at IncomingMessage.<anonymous> (C:\Program Files (x86)\nodejs\node_modules\npm\node_modules\request\request.js:1187:12)
28 verbose stack     at IncomingMessage.emit (events.js:129:20)
28 verbose stack     at _stream_readable.js:908:16
28 verbose stack     at process._tickCallback (node.js:355:11)
29 verbose statusCode 404
30 verbose pkgid css-loade
31 verbose cwd C:\Users\mehdi.smail\Documents\GitHub\Mehdi-ris-qc-514\src
32 error Windows_NT 6.3.9600
33 error argv "C:\\Program Files (x86)\\nodejs\\\\node.exe" "C:\\Program Files (x86)\\nodejs\\node_modules\\npm\\bin\\npm-cli.js" "install" "--save-dev" "css-loade"
34 error node v0.12.2
35 error npm  v2.7.4
36 error code E404
37 error 404 Not found : css-loade
37 error 404
37 error 404 'css-loade' is not in the npm registry.
37 error 404 You should bug the author to publish it (or use the name yourself!)
37 error 404 It was specified as a dependency of 'Projet-JS-MSM'
37 error 404
37 error 404 Note that you can also install from a
37 error 404 tarball, folder, http url, or git url.
38 verbose exit [ 1, true ]
